# JRE version: OpenJDK Runtime Environment (11.0.12+7) (build 11.0.12+7-b1504.28-7817840)
# Java VM: OpenJDK 64-Bit Server VM (11.0.12+7-b1504.28-7817840, mixed mode, tiered, compressed oops, g1 gc, windows-amd64)
Heap:
 garbage-first heap   total 343040K, used 196221K [0x0000000080000000, 0x0000000100000000)
  region size 1024K, 24 young (24576K), 8 survivors (8192K)
 Metaspace       used 118722K, capacity 121476K, committed 121600K, reserved 1155072K
  class space    used 14751K, capacity 15851K, committed 15872K, reserved 1048576K
GC Heap History (20 events):
Event: 64.945 GC heap before
{Heap before GC invocations=46 (full 0):
 garbage-first heap   total 227328K, used 187055K [0x0000000080000000, 0x0000000100000000)
  region size 1024K, 43 young (44032K), 6 survivors (6144K)
 Metaspace       used 113001K, capacity 115561K, committed 115840K, reserved 1150976K
  class space    used 14141K, capacity 15146K, committed 15232K, reserved 1048576K
}
Event: 64.986 GC heap after
{Heap after GC invocations=47 (full 0):
 garbage-first heap   total 227328K, used 155786K [0x0000000080000000, 0x0000000100000000)
  region size 1024K, 6 young (6144K), 6 survivors (6144K)
 Metaspace       used 113001K, capacity 115561K, committed 115840K, reserved 1150976K
  class space    used 14141K, capacity 15146K, committed 15232K, reserved 1048576K
}
Event: 65.037 GC heap before
{Heap before GC invocations=47 (full 0):
 garbage-first heap   total 227328K, used 159882K [0x0000000080000000, 0x0000000100000000)
  region size 1024K, 11 young (11264K), 6 survivors (6144K)
 Metaspace       used 113255K, capacity 115803K, committed 116096K, reserved 1150976K
  class space    used 14181K, capacity 15184K, committed 15232K, reserved 1048576K
}
Event: 65.065 GC heap after
{Heap after GC invocations=48 (full 0):
 garbage-first heap   total 273408K, used 151637K [0x0000000080000000, 0x0000000100000000)
  region size 1024K, 2 young (2048K), 2 survivors (2048K)
 Metaspace       used 113255K, capacity 115803K, committed 116096K, reserved 1150976K
  class space    used 14181K, capacity 15184K, committed 15232K, reserved 1048576K
}
Event: 65.857 GC heap before
{Heap before GC invocations=48 (full 0):
 garbage-first heap   total 273408K, used 204885K [0x0000000080000000, 0x0000000100000000)
  region size 1024K, 55 young (56320K), 2 survivors (2048K)
 Metaspace       used 115206K, capacity 117871K, committed 118016K, reserved 1150976K
  class space    used 14469K, capacity 15526K, committed 15616K, reserved 1048576K
}
Event: 65.910 GC heap after
{Heap after GC invocations=49 (full 0):
 garbage-first heap   total 273408K, used 161118K [0x0000000080000000, 0x0000000100000000)
  region size 1024K, 7 young (7168K), 7 survivors (7168K)
 Metaspace       used 115206K, capacity 117871K, committed 118016K, reserved 1150976K
  class space    used 14469K, capacity 15526K, committed 15616K, reserved 1048576K
}
Event: 67.122 GC heap before
{Heap before GC invocations=50 (full 0):
 garbage-first heap   total 273408K, used 212318K [0x0000000080000000, 0x0000000100000000)
  region size 1024K, 57 young (58368K), 7 survivors (7168K)
 Metaspace       used 115723K, capacity 118330K, committed 118528K, reserved 1153024K
  class space    used 14486K, capacity 15548K, committed 15616K, reserved 1048576K
}
Event: 67.151 GC heap after
{Heap after GC invocations=51 (full 0):
 garbage-first heap   total 273408K, used 167785K [0x0000000080000000, 0x0000000100000000)
  region size 1024K, 7 young (7168K), 7 survivors (7168K)
 Metaspace       used 115723K, capacity 118330K, committed 118528K, reserved 1153024K
  class space    used 14486K, capacity 15548K, committed 15616K, reserved 1048576K
}
Event: 68.240 GC heap before
{Heap before GC invocations=51 (full 0):
 garbage-first heap   total 273408K, used 217961K [0x0000000080000000, 0x0000000100000000)
  region size 1024K, 56 young (57344K), 7 survivors (7168K)
 Metaspace       used 116749K, capacity 119383K, committed 119680K, reserved 1153024K
  class space    used 14556K, capacity 15617K, committed 15744K, reserved 1048576K
}
Event: 68.264 GC heap after
{Heap after GC invocations=52 (full 0):
 garbage-first heap   total 273408K, used 171563K [0x0000000080000000, 0x0000000100000000)
  region size 1024K, 4 young (4096K), 4 survivors (4096K)
 Metaspace       used 116749K, capacity 119383K, committed 119680K, reserved 1153024K
  class space    used 14556K, capacity 15617K, committed 15744K, reserved 1048576K
}
Event: 69.681 GC heap before
{Heap before GC invocations=53 (full 0):
 garbage-first heap   total 273408K, used 221739K [0x0000000080000000, 0x0000000100000000)
  region size 1024K, 53 young (54272K), 4 survivors (4096K)
 Metaspace       used 117106K, capacity 119769K, committed 119936K, reserved 1153024K
  class space    used 14556K, capacity 15610K, committed 15744K, reserved 1048576K
}
Event: 69.701 GC heap after
{Heap after GC invocations=54 (full 0):
 garbage-first heap   total 343040K, used 173640K [0x0000000080000000, 0x0000000100000000)
  region size 1024K, 6 young (6144K), 6 survivors (6144K)
 Metaspace       used 117106K, capacity 119769K, committed 119936K, reserved 1153024K
  class space    used 14556K, capacity 15610K, committed 15744K, reserved 1048576K
}
Event: 69.812 GC heap before
{Heap before GC invocations=54 (full 0):
 garbage-first heap   total 343040K, used 183880K [0x0000000080000000, 0x0000000100000000)
  region size 1024K, 16 young (16384K), 6 survivors (6144K)
 Metaspace       used 117147K, capacity 119778K, committed 119936K, reserved 1153024K
  class space    used 14567K, capacity 15613K, committed 15744K, reserved 1048576K
}
Event: 69.831 GC heap after
{Heap after GC invocations=55 (full 0):
 garbage-first heap   total 343040K, used 174817K [0x0000000080000000, 0x0000000100000000)
  region size 1024K, 2 young (2048K), 2 survivors (2048K)
 Metaspace       used 117147K, capacity 119778K, committed 119936K, reserved 1153024K
  class space    used 14567K, capacity 15613K, committed 15744K, reserved 1048576K
}
Event: 70.731 GC heap before
{Heap before GC invocations=55 (full 0):
 garbage-first heap   total 343040K, used 253665K [0x0000000080000000, 0x0000000100000000)
  region size 1024K, 79 young (80896K), 2 survivors (2048K)
 Metaspace       used 117309K, capacity 119929K, committed 120192K, reserved 1153024K
  class space    used 14572K, capacity 15617K, committed 15744K, reserved 1048576K
}
Event: 70.742 GC heap after
{Heap after GC invocations=56 (full 0):
 garbage-first heap   total 343040K, used 175807K [0x0000000080000000, 0x0000000100000000)
  region size 1024K, 3 young (3072K), 3 survivors (3072K)
 Metaspace       used 117309K, capacity 119929K, committed 120192K, reserved 1153024K
  class space    used 14572K, capacity 15617K, committed 15744K, reserved 1048576K
}
Event: 72.210 GC heap before
{Heap before GC invocations=57 (full 0):
 garbage-first heap   total 343040K, used 259775K [0x0000000080000000, 0x0000000100000000)
  region size 1024K, 85 young (87040K), 3 survivors (3072K)
 Metaspace       used 117734K, capacity 120415K, committed 120704K, reserved 1155072K
  class space    used 14633K, capacity 15691K, committed 15744K, reserved 1048576K
}
Event: 72.226 GC heap after
{Heap after GC invocations=58 (full 0):
 garbage-first heap   total 343040K, used 178267K [0x0000000080000000, 0x0000000100000000)
  region size 1024K, 5 young (5120K), 5 survivors (5120K)
 Metaspace       used 117734K, capacity 120415K, committed 120704K, reserved 1155072K
  class space    used 14633K, capacity 15691K, committed 15744K, reserved 1048576K
}
Event: 74.160 GC heap before
{Heap before GC invocations=58 (full 0):
 garbage-first heap   total 343040K, used 266331K [0x0000000080000000, 0x0000000100000000)
  region size 1024K, 91 young (93184K), 5 survivors (5120K)
 Metaspace       used 118630K, capacity 121389K, committed 121600K, reserved 1155072K
  class space    used 14740K, capacity 15842K, committed 15872K, reserved 1048576K
}
Event: 74.187 GC heap after
{Heap after GC invocations=59 (full 0):
 garbage-first heap   total 343040K, used 180861K [0x0000000080000000, 0x0000000100000000)
  region size 1024K, 8 young (8192K), 8 survivors (8192K)
 Metaspace       used 118630K, capacity 121389K, committed 121600K, reserved 1155072K
  class space    used 14740K, capacity 15842K, committed 15872K, reserved 1048576K
}

