# JRE version: OpenJDK Runtime Environment (11.0.12+7) (build 11.0.12+7-b1504.28-7817840)
# Java VM: OpenJDK 64-Bit Server VM (11.0.12+7-b1504.28-7817840, mixed mode, tiered, compressed oops, g1 gc, windows-amd64)
Heap:
 garbage-first heap   total 273408K, used 188358K [0x0000000080000000, 0x0000000100000000)
  region size 1024K, 9 young (9216K), 2 survivors (2048K)
 Metaspace       used 149310K, capacity 154176K, committed 154496K, reserved 1183744K
  class space    used 18170K, capacity 19937K, committed 19968K, reserved 1048576K
GC Heap History (20 events):
Event: 2369.359 GC heap before
{Heap before GC invocations=128 (full 0):
 garbage-first heap   total 273408K, used 212912K [0x0000000080000000, 0x0000000100000000)
  region size 1024K, 42 young (43008K), 2 survivors (2048K)
 Metaspace       used 148455K, capacity 153226K, committed 153728K, reserved 1183744K
  class space    used 18120K, capacity 19802K, committed 19968K, reserved 1048576K
}
Event: 2369.387 GC heap after
{Heap after GC invocations=129 (full 0):
 garbage-first heap   total 273408K, used 179199K [0x0000000080000000, 0x0000000100000000)
  region size 1024K, 6 young (6144K), 6 survivors (6144K)
 Metaspace       used 148455K, capacity 153226K, committed 153728K, reserved 1183744K
  class space    used 18120K, capacity 19802K, committed 19968K, reserved 1048576K
}
Event: 2374.172 GC heap before
{Heap before GC invocations=130 (full 0):
 garbage-first heap   total 273408K, used 217087K [0x0000000080000000, 0x0000000100000000)
  region size 1024K, 45 young (46080K), 6 survivors (6144K)
 Metaspace       used 148481K, capacity 153228K, committed 153728K, reserved 1183744K
  class space    used 18120K, capacity 19802K, committed 19968K, reserved 1048576K
}
Event: 2374.187 GC heap after
{Heap after GC invocations=131 (full 0):
 garbage-first heap   total 273408K, used 178257K [0x0000000080000000, 0x0000000100000000)
  region size 1024K, 2 young (2048K), 2 survivors (2048K)
 Metaspace       used 148481K, capacity 153228K, committed 153728K, reserved 1183744K
  class space    used 18120K, capacity 19802K, committed 19968K, reserved 1048576K
}
Event: 2374.252 GC heap before
{Heap before GC invocations=131 (full 0):
 garbage-first heap   total 273408K, used 190545K [0x0000000080000000, 0x0000000100000000)
  region size 1024K, 13 young (13312K), 2 survivors (2048K)
 Metaspace       used 148496K, capacity 153292K, committed 153728K, reserved 1183744K
  class space    used 18120K, capacity 19802K, committed 19968K, reserved 1048576K
}
Event: 2374.278 GC heap after
{Heap after GC invocations=132 (full 0):
 garbage-first heap   total 273408K, used 174584K [0x0000000080000000, 0x0000000100000000)
  region size 1024K, 2 young (2048K), 2 survivors (2048K)
 Metaspace       used 148496K, capacity 153292K, committed 153728K, reserved 1183744K
  class space    used 18120K, capacity 19802K, committed 19968K, reserved 1048576K
}
Event: 2374.496 GC heap before
{Heap before GC invocations=132 (full 0):
 garbage-first heap   total 273408K, used 216568K [0x0000000080000000, 0x0000000100000000)
  region size 1024K, 45 young (46080K), 2 survivors (2048K)
 Metaspace       used 148499K, capacity 153292K, committed 153728K, reserved 1183744K
  class space    used 18120K, capacity 19802K, committed 19968K, reserved 1048576K
}
Event: 2374.520 GC heap after
{Heap after GC invocations=133 (full 0):
 garbage-first heap   total 273408K, used 179594K [0x0000000080000000, 0x0000000100000000)
  region size 1024K, 6 young (6144K), 6 survivors (6144K)
 Metaspace       used 148499K, capacity 153292K, committed 153728K, reserved 1183744K
  class space    used 18120K, capacity 19802K, committed 19968K, reserved 1048576K
}
Event: 2406.161 GC heap before
{Heap before GC invocations=134 (full 0):
 garbage-first heap   total 273408K, used 228746K [0x0000000080000000, 0x0000000100000000)
  region size 1024K, 47 young (48128K), 6 survivors (6144K)
 Metaspace       used 148563K, capacity 153318K, committed 153728K, reserved 1183744K
  class space    used 18122K, capacity 19807K, committed 19968K, reserved 1048576K
}
Event: 2406.172 GC heap after
{Heap after GC invocations=135 (full 0):
 garbage-first heap   total 273408K, used 173816K [0x0000000080000000, 0x0000000100000000)
  region size 1024K, 2 young (2048K), 2 survivors (2048K)
 Metaspace       used 148563K, capacity 153318K, committed 153728K, reserved 1183744K
  class space    used 18122K, capacity 19807K, committed 19968K, reserved 1048576K
}
Event: 2406.278 GC heap before
{Heap before GC invocations=135 (full 0):
 garbage-first heap   total 273408K, used 184056K [0x0000000080000000, 0x0000000100000000)
  region size 1024K, 13 young (13312K), 2 survivors (2048K)
 Metaspace       used 148563K, capacity 153318K, committed 153728K, reserved 1183744K
  class space    used 18122K, capacity 19807K, committed 19968K, reserved 1048576K
}
Event: 2406.297 GC heap after
{Heap after GC invocations=136 (full 0):
 garbage-first heap   total 273408K, used 158972K [0x0000000080000000, 0x0000000100000000)
  region size 1024K, 1 young (1024K), 1 survivors (1024K)
 Metaspace       used 148563K, capacity 153318K, committed 153728K, reserved 1183744K
  class space    used 18122K, capacity 19807K, committed 19968K, reserved 1048576K
}
Event: 2408.152 GC heap before
{Heap before GC invocations=136 (full 0):
 garbage-first heap   total 273408K, used 211196K [0x0000000080000000, 0x0000000100000000)
  region size 1024K, 53 young (54272K), 1 survivors (1024K)
 Metaspace       used 148952K, capacity 153797K, committed 153984K, reserved 1183744K
  class space    used 18151K, capacity 19916K, committed 19968K, reserved 1048576K
}
Event: 2408.178 GC heap after
{Heap after GC invocations=137 (full 0):
 garbage-first heap   total 273408K, used 166320K [0x0000000080000000, 0x0000000100000000)
  region size 1024K, 7 young (7168K), 7 survivors (7168K)
 Metaspace       used 148952K, capacity 153797K, committed 153984K, reserved 1183744K
  class space    used 18151K, capacity 19916K, committed 19968K, reserved 1048576K
}
Event: 2411.537 GC heap before
{Heap before GC invocations=138 (full 0):
 garbage-first heap   total 273408K, used 217520K [0x0000000080000000, 0x0000000100000000)
  region size 1024K, 56 young (57344K), 7 survivors (7168K)
 Metaspace       used 149127K, capacity 153992K, committed 154240K, reserved 1183744K
  class space    used 18151K, capacity 19917K, committed 19968K, reserved 1048576K
}
Event: 2411.577 GC heap after
{Heap after GC invocations=139 (full 0):
 garbage-first heap   total 273408K, used 183094K [0x0000000080000000, 0x0000000100000000)
  region size 1024K, 7 young (7168K), 7 survivors (7168K)
 Metaspace       used 149127K, capacity 153992K, committed 154240K, reserved 1183744K
  class space    used 18151K, capacity 19917K, committed 19968K, reserved 1048576K
}
Event: 2411.677 GC heap before
{Heap before GC invocations=139 (full 0):
 garbage-first heap   total 273408K, used 189238K [0x0000000080000000, 0x0000000100000000)
  region size 1024K, 13 young (13312K), 7 survivors (7168K)
 Metaspace       used 149280K, capacity 154176K, committed 154496K, reserved 1183744K
  class space    used 18168K, capacity 19937K, committed 19968K, reserved 1048576K
}
Event: 2411.719 GC heap after
{Heap after GC invocations=140 (full 0):
 garbage-first heap   total 273408K, used 173675K [0x0000000080000000, 0x0000000100000000)
  region size 1024K, 2 young (2048K), 2 survivors (2048K)
 Metaspace       used 149280K, capacity 154176K, committed 154496K, reserved 1183744K
  class space    used 18168K, capacity 19937K, committed 19968K, reserved 1048576K
}
Event: 2411.965 GC heap before
{Heap before GC invocations=140 (full 0):
 garbage-first heap   total 273408K, used 176747K [0x0000000080000000, 0x0000000100000000)
  region size 1024K, 6 young (6144K), 2 survivors (2048K)
 Metaspace       used 149308K, capacity 154176K, committed 154496K, reserved 1183744K
  class space    used 18170K, capacity 19937K, committed 19968K, reserved 1048576K
}
Event: 2411.977 GC heap after
{Heap after GC invocations=141 (full 0):
 garbage-first heap   total 273408K, used 174022K [0x0000000080000000, 0x0000000100000000)
  region size 1024K, 2 young (2048K), 2 survivors (2048K)
 Metaspace       used 149308K, capacity 154176K, committed 154496K, reserved 1183744K
  class space    used 18170K, capacity 19937K, committed 19968K, reserved 1048576K
}

